<?xml version="1.0" encoding="UTF-8"?>
<!-- Generated by org.testng.reporters.JUnitXMLReporter -->
<testsuite ignored="0" hostname="DESKTOP-VA3AMHQ" failures="0" tests="5" name="loginWrongCredentials" time="11.443" errors="0" timestamp="2025-02-19T10:39:36 EET">
  <testcase classname="tests.ErrorValidationTest" name="fillWrongCheckoutPageInfo" time="0.528"/>
  <testcase classname="tests.ErrorValidationTest" name="fillWrongCheckoutPageInfo" time="0.518"/>
  <testcase classname="tests.ErrorValidationTest" name="fillWrongCheckoutPageInfo" time="0.523"/>
  <testcase classname="tests.ErrorValidationTest" name="loginBlockedUser" time="0.197"/>
  <testcase classname="tests.ErrorValidationTest" name="loginWrongCredentials" time="0.199"/>
</testsuite> <!-- loginWrongCredentials -->
