<?xml version="1.0" encoding="UTF-8"?>
<!-- Generated by org.testng.reporters.JUnitXMLReporter -->
<testsuite ignored="0" hostname="DESKTOP-VA3AMHQ" failures="0" tests="5" name="Default test" time="11.041" errors="0" timestamp="2025-02-19T09:43:13 EET">
  <testcase classname="tests.ErrorValidationTest" name="fillWrongCheckoutPageInfo" time="0.515"/>
  <testcase classname="tests.ErrorValidationTest" name="fillWrongCheckoutPageInfo" time="0.513"/>
  <testcase classname="tests.ErrorValidationTest" name="fillWrongCheckoutPageInfo" time="0.52"/>
  <testcase classname="tests.ErrorValidationTest" name="loginBlockedUser" time="0.197"/>
  <testcase classname="tests.ErrorValidationTest" name="loginWrongCredentials" time="0.193"/>
</testsuite> <!-- Default test -->
