<?xml version="1.0" encoding="UTF-8"?>
<!-- Generated by org.testng.reporters.JUnitXMLReporter -->
<testsuite ignored="0" hostname="DESKTOP-VA3AMHQ" failures="0" tests="6" name="Test" time="15.974" errors="0" timestamp="2025-02-24T16:49:53 EET">
  <testcase classname="tests.SubmitOrderTest" name="submitMultipleOrders" time="1.228"/>
  <testcase classname="tests.SubmitOrderTest" name="submitMultipleOrders" time="1.211"/>
  <testcase classname="tests.SubmitOrderTest" name="submitMultipleOrders" time="1.188"/>
  <testcase classname="tests.SubmitOrderTest" name="submitOrder" time="0.73"/>
  <testcase classname="tests.SubmitOrderTest" name="submitOrder" time="0.748"/>
  <testcase classname="tests.SubmitOrderTest" name="submitOrder" time="0.73"/>
</testsuite> <!-- Test -->
