<?xml version="1.0" encoding="UTF-8"?>
<!-- Generated by org.testng.reporters.JUnitXMLReporter -->
<testsuite ignored="0" hostname="DESKTOP-VA3AMHQ" failures="0" tests="6" name="Test" time="16.256" errors="0" timestamp="2025-02-19T15:16:06 EET">
  <testcase classname="tests.SubmitOrderTest" name="submitMultipleOrders" time="1.253"/>
  <testcase classname="tests.SubmitOrderTest" name="submitMultipleOrders" time="1.292"/>
  <testcase classname="tests.SubmitOrderTest" name="submitMultipleOrders" time="1.234"/>
  <testcase classname="tests.SubmitOrderTest" name="submitOrder" time="0.766"/>
  <testcase classname="tests.SubmitOrderTest" name="submitOrder" time="0.77"/>
  <testcase classname="tests.SubmitOrderTest" name="submitOrder" time="0.755"/>
</testsuite> <!-- Test -->
