<?xml version="1.0" encoding="UTF-8"?>
<!-- Generated by org.testng.reporters.JUnitXMLReporter -->
<testsuite ignored="0" hostname="DESKTOP-VA3AMHQ" failures="0" tests="6" name="Test" time="16.953" errors="0" timestamp="2025-02-24T17:20:22 EET">
  <testcase classname="tests.SubmitOrderTest" name="submitMultipleOrders" time="1.248"/>
  <testcase classname="tests.SubmitOrderTest" name="submitMultipleOrders" time="1.208"/>
  <testcase classname="tests.SubmitOrderTest" name="submitMultipleOrders" time="1.217"/>
  <testcase classname="tests.SubmitOrderTest" name="submitOrder" time="0.751"/>
  <testcase classname="tests.SubmitOrderTest" name="submitOrder" time="0.793"/>
  <testcase classname="tests.SubmitOrderTest" name="submitOrder" time="0.732"/>
</testsuite> <!-- Test -->
