<?xml version="1.0" encoding="UTF-8"?>
<testng-results ignored="0" total="12" passed="11" failed="1" skipped="0">
  <reporter-output>
  </reporter-output>
  <suite started-at="2025-02-24T17:20:05 EET" name="Suite" finished-at="2025-02-24T17:20:22 EET" duration-ms="16953">
    <groups>
      <group name="Purchase">
        <method signature="SubmitOrderTest.submitMultipleOrders(java.util.HashMap)[pri:0, instance:tests.SubmitOrderTest@4470fbd6]" name="submitMultipleOrders" class="tests.SubmitOrderTest"/>
        <method signature="SubmitOrderTest.submitOrder(java.util.HashMap)[pri:0, instance:tests.SubmitOrderTest@4470fbd6]" name="submitOrder" class="tests.SubmitOrderTest"/>
      </group> <!-- Purchase -->
    </groups>
    <test started-at="2025-02-24T17:20:05 EET" name="Test" finished-at="2025-02-24T17:20:22 EET" duration-ms="16953">
      <class name="tests.SubmitOrderTest">
        <test-method is-config="true" signature="launchApplication()[pri:0, instance:tests.SubmitOrderTest@4470fbd6]" started-at="2025-02-24T17:20:05 EET" name="launchApplication" finished-at="2025-02-24T17:20:06 EET" duration-ms="1034" status="PASS">
          <reporter-output>
          </reporter-output>
        </test-method> <!-- launchApplication -->
        <test-method signature="submitMultipleOrders(java.util.HashMap)[pri:0, instance:tests.SubmitOrderTest@4470fbd6]" started-at="2025-02-24T17:20:06 EET" name="submitMultipleOrders" data-provider="getData" finished-at="2025-02-24T17:20:07 EET" duration-ms="1248" status="PASS">
          <params>
            <param index="0">
              <value>
                <![CDATA[{lName=lastName, product=Sauce Labs Bolt T-Shirt, fName=firstName, pass=secret_sauce, email=standard_user, postalCode=192837465}]]>
              </value>
            </param>
          </params>
          <reporter-output>
          </reporter-output>
        </test-method> <!-- submitMultipleOrders -->
        <test-method is-config="true" signature="tearDown()[pri:0, instance:tests.SubmitOrderTest@4470fbd6]" started-at="2025-02-24T17:20:07 EET" name="tearDown" finished-at="2025-02-24T17:20:08 EET" duration-ms="593" status="PASS">
          <reporter-output>
          </reporter-output>
        </test-method> <!-- tearDown -->
        <test-method is-config="true" signature="launchApplication()[pri:0, instance:tests.SubmitOrderTest@4470fbd6]" started-at="2025-02-24T17:20:08 EET" name="launchApplication" finished-at="2025-02-24T17:20:09 EET" duration-ms="1143" status="PASS">
          <reporter-output>
          </reporter-output>
        </test-method> <!-- launchApplication -->
        <test-method signature="submitMultipleOrders(java.util.HashMap)[pri:0, instance:tests.SubmitOrderTest@4470fbd6]" started-at="2025-02-24T17:20:09 EET" name="submitMultipleOrders" data-provider="getData" finished-at="2025-02-24T17:20:10 EET" duration-ms="1208" status="PASS">
          <params>
            <param index="0">
              <value>
                <![CDATA[{lName=lastName, product=Sauce Labs Fleece Jacket, fName=firstName, pass=secret_sauce, email=standard_user, postalCode=192837465}]]>
              </value>
            </param>
          </params>
          <reporter-output>
          </reporter-output>
        </test-method> <!-- submitMultipleOrders -->
        <test-method is-config="true" signature="tearDown()[pri:0, instance:tests.SubmitOrderTest@4470fbd6]" started-at="2025-02-24T17:20:10 EET" name="tearDown" finished-at="2025-02-24T17:20:11 EET" duration-ms="591" status="PASS">
          <reporter-output>
          </reporter-output>
        </test-method> <!-- tearDown -->
        <test-method is-config="true" signature="launchApplication()[pri:0, instance:tests.SubmitOrderTest@4470fbd6]" started-at="2025-02-24T17:20:11 EET" name="launchApplication" finished-at="2025-02-24T17:20:12 EET" duration-ms="1136" status="PASS">
          <reporter-output>
          </reporter-output>
        </test-method> <!-- launchApplication -->
        <test-method signature="submitMultipleOrders(java.util.HashMap)[pri:0, instance:tests.SubmitOrderTest@4470fbd6]" started-at="2025-02-24T17:20:12 EET" name="submitMultipleOrders" data-provider="getData" finished-at="2025-02-24T17:20:13 EET" duration-ms="1217" status="PASS">
          <params>
            <param index="0">
              <value>
                <![CDATA[{lName=lastName, product=Sauce Labs Bike Light, fName=firstName, pass=secret_sauce, email=standard_user, postalCode=192837465}]]>
              </value>
            </param>
          </params>
          <reporter-output>
          </reporter-output>
        </test-method> <!-- submitMultipleOrders -->
        <test-method is-config="true" signature="tearDown()[pri:0, instance:tests.SubmitOrderTest@4470fbd6]" started-at="2025-02-24T17:20:13 EET" name="tearDown" finished-at="2025-02-24T17:20:13 EET" duration-ms="590" status="PASS">
          <reporter-output>
          </reporter-output>
        </test-method> <!-- tearDown -->
        <test-method is-config="true" signature="launchApplication()[pri:0, instance:tests.SubmitOrderTest@4470fbd6]" started-at="2025-02-24T17:20:13 EET" name="launchApplication" finished-at="2025-02-24T17:20:14 EET" duration-ms="1018" status="PASS">
          <reporter-output>
          </reporter-output>
        </test-method> <!-- launchApplication -->
        <test-method signature="submitOrder(java.util.HashMap)[pri:0, instance:tests.SubmitOrderTest@4470fbd6]" started-at="2025-02-24T17:20:14 EET" name="submitOrder" data-provider="getData" finished-at="2025-02-24T17:20:15 EET" duration-ms="751" status="PASS">
          <params>
            <param index="0">
              <value>
                <![CDATA[{lName=lastName, product=Sauce Labs Bolt T-Shirt, fName=firstName, pass=secret_sauce, email=standard_user, postalCode=192837465}]]>
              </value>
            </param>
          </params>
          <reporter-output>
          </reporter-output>
        </test-method> <!-- submitOrder -->
        <test-method is-config="true" signature="tearDown()[pri:0, instance:tests.SubmitOrderTest@4470fbd6]" started-at="2025-02-24T17:20:15 EET" name="tearDown" finished-at="2025-02-24T17:20:16 EET" duration-ms="590" status="PASS">
          <reporter-output>
          </reporter-output>
        </test-method> <!-- tearDown -->
        <test-method is-config="true" signature="launchApplication()[pri:0, instance:tests.SubmitOrderTest@4470fbd6]" started-at="2025-02-24T17:20:16 EET" name="launchApplication" finished-at="2025-02-24T17:20:18 EET" duration-ms="2009" status="PASS">
          <reporter-output>
          </reporter-output>
        </test-method> <!-- launchApplication -->
        <test-method signature="submitOrder(java.util.HashMap)[pri:0, instance:tests.SubmitOrderTest@4470fbd6]" started-at="2025-02-24T17:20:18 EET" name="submitOrder" data-provider="getData" finished-at="2025-02-24T17:20:19 EET" duration-ms="793" status="PASS">
          <params>
            <param index="0">
              <value>
                <![CDATA[{lName=lastName, product=Sauce Labs Fleece Jacket, fName=firstName, pass=secret_sauce, email=standard_user, postalCode=192837465}]]>
              </value>
            </param>
          </params>
          <reporter-output>
          </reporter-output>
        </test-method> <!-- submitOrder -->
        <test-method is-config="true" signature="tearDown()[pri:0, instance:tests.SubmitOrderTest@4470fbd6]" started-at="2025-02-24T17:20:19 EET" name="tearDown" finished-at="2025-02-24T17:20:19 EET" duration-ms="611" status="PASS">
          <reporter-output>
          </reporter-output>
        </test-method> <!-- tearDown -->
        <test-method is-config="true" signature="launchApplication()[pri:0, instance:tests.SubmitOrderTest@4470fbd6]" started-at="2025-02-24T17:20:19 EET" name="launchApplication" finished-at="2025-02-24T17:20:20 EET" duration-ms="1085" status="PASS">
          <reporter-output>
          </reporter-output>
        </test-method> <!-- launchApplication -->
        <test-method signature="submitOrder(java.util.HashMap)[pri:0, instance:tests.SubmitOrderTest@4470fbd6]" started-at="2025-02-24T17:20:20 EET" name="submitOrder" data-provider="getData" finished-at="2025-02-24T17:20:21 EET" duration-ms="732" status="PASS">
          <params>
            <param index="0">
              <value>
                <![CDATA[{lName=lastName, product=Sauce Labs Bike Light, fName=firstName, pass=secret_sauce, email=standard_user, postalCode=192837465}]]>
              </value>
            </param>
          </params>
          <reporter-output>
          </reporter-output>
        </test-method> <!-- submitOrder -->
        <test-method is-config="true" signature="tearDown()[pri:0, instance:tests.SubmitOrderTest@4470fbd6]" started-at="2025-02-24T17:20:21 EET" name="tearDown" finished-at="2025-02-24T17:20:22 EET" duration-ms="594" status="PASS">
          <reporter-output>
          </reporter-output>
        </test-method> <!-- tearDown -->
      </class> <!-- tests.SubmitOrderTest -->
    </test> <!-- Test -->
  </suite> <!-- Suite -->
  <suite started-at="2025-02-24T17:19:52 EET" name="ErrorValidationSuite" finished-at="2025-02-24T17:20:04 EET" duration-ms="12643">
    <groups>
      <group name="ErrorHandling">
        <method signature="ErrorValidationTest.fillWrongCheckoutPageInfo(java.util.HashMap)[pri:0, instance:tests.ErrorValidationTest@5e7cd6cc]" name="fillWrongCheckoutPageInfo" class="tests.ErrorValidationTest"/>
        <method signature="ErrorValidationTest.loginLockedUser(java.lang.String,java.lang.String)[pri:0, instance:tests.ErrorValidationTest@5e7cd6cc]" name="loginLockedUser" class="tests.ErrorValidationTest"/>
        <method signature="ErrorValidationTest.loginWrongCredentials(java.lang.String,java.lang.String)[pri:0, instance:tests.ErrorValidationTest@5e7cd6cc]" name="loginWrongCredentials" class="tests.ErrorValidationTest"/>
        <method signature="ErrorValidationTest.takeScreenShotOfFailedTest()[pri:0, instance:tests.ErrorValidationTest@5e7cd6cc]" name="takeScreenShotOfFailedTest" class="tests.ErrorValidationTest"/>
      </group> <!-- ErrorHandling -->
    </groups>
    <test started-at="2025-02-24T17:19:52 EET" name="WrongCredentialsErrorValidation" finished-at="2025-02-24T17:20:04 EET" duration-ms="12643">
      <class name="tests.ErrorValidationTest">
        <test-method is-config="true" signature="launchApplication()[pri:0, instance:tests.ErrorValidationTest@5e7cd6cc]" started-at="2025-02-24T17:19:52 EET" name="launchApplication" finished-at="2025-02-24T17:19:54 EET" duration-ms="1590" status="PASS">
          <reporter-output>
          </reporter-output>
        </test-method> <!-- launchApplication -->
        <test-method signature="fillWrongCheckoutPageInfo(java.util.HashMap)[pri:0, instance:tests.ErrorValidationTest@5e7cd6cc]" started-at="2025-02-24T17:19:54 EET" name="fillWrongCheckoutPageInfo" data-provider="getData" finished-at="2025-02-24T17:19:54 EET" duration-ms="516" status="PASS">
          <params>
            <param index="0">
              <value>
                <![CDATA[{lName=, fName=, pass=secret_sauce, email=standard_user, postalCode=}]]>
              </value>
            </param>
          </params>
          <reporter-output>
          </reporter-output>
        </test-method> <!-- fillWrongCheckoutPageInfo -->
        <test-method is-config="true" signature="tearDown()[pri:0, instance:tests.ErrorValidationTest@5e7cd6cc]" started-at="2025-02-24T17:19:54 EET" name="tearDown" finished-at="2025-02-24T17:19:55 EET" duration-ms="608" status="PASS">
          <reporter-output>
          </reporter-output>
        </test-method> <!-- tearDown -->
        <test-method is-config="true" signature="launchApplication()[pri:0, instance:tests.ErrorValidationTest@5e7cd6cc]" started-at="2025-02-24T17:19:55 EET" name="launchApplication" finished-at="2025-02-24T17:19:56 EET" duration-ms="1018" status="PASS">
          <reporter-output>
          </reporter-output>
        </test-method> <!-- launchApplication -->
        <test-method signature="fillWrongCheckoutPageInfo(java.util.HashMap)[pri:0, instance:tests.ErrorValidationTest@5e7cd6cc]" started-at="2025-02-24T17:19:56 EET" name="fillWrongCheckoutPageInfo" data-provider="getData" finished-at="2025-02-24T17:19:56 EET" duration-ms="518" status="PASS">
          <params>
            <param index="0">
              <value>
                <![CDATA[{lName=, fName=firstName, pass=secret_sauce, email=standard_user, postalCode=}]]>
              </value>
            </param>
          </params>
          <reporter-output>
          </reporter-output>
        </test-method> <!-- fillWrongCheckoutPageInfo -->
        <test-method is-config="true" signature="tearDown()[pri:0, instance:tests.ErrorValidationTest@5e7cd6cc]" started-at="2025-02-24T17:19:56 EET" name="tearDown" finished-at="2025-02-24T17:19:57 EET" duration-ms="604" status="PASS">
          <reporter-output>
          </reporter-output>
        </test-method> <!-- tearDown -->
        <test-method is-config="true" signature="launchApplication()[pri:0, instance:tests.ErrorValidationTest@5e7cd6cc]" started-at="2025-02-24T17:19:57 EET" name="launchApplication" finished-at="2025-02-24T17:19:58 EET" duration-ms="1023" status="PASS">
          <reporter-output>
          </reporter-output>
        </test-method> <!-- launchApplication -->
        <test-method signature="fillWrongCheckoutPageInfo(java.util.HashMap)[pri:0, instance:tests.ErrorValidationTest@5e7cd6cc]" started-at="2025-02-24T17:19:58 EET" name="fillWrongCheckoutPageInfo" data-provider="getData" finished-at="2025-02-24T17:19:58 EET" duration-ms="521" status="PASS">
          <params>
            <param index="0">
              <value>
                <![CDATA[{lName=lastName, fName=firstName, pass=secret_sauce, email=standard_user, postalCode=}]]>
              </value>
            </param>
          </params>
          <reporter-output>
          </reporter-output>
        </test-method> <!-- fillWrongCheckoutPageInfo -->
        <test-method is-config="true" signature="tearDown()[pri:0, instance:tests.ErrorValidationTest@5e7cd6cc]" started-at="2025-02-24T17:19:58 EET" name="tearDown" finished-at="2025-02-24T17:19:59 EET" duration-ms="606" status="PASS">
          <reporter-output>
          </reporter-output>
        </test-method> <!-- tearDown -->
        <test-method is-config="true" signature="launchApplication()[pri:0, instance:tests.ErrorValidationTest@5e7cd6cc]" started-at="2025-02-24T17:19:59 EET" name="launchApplication" finished-at="2025-02-24T17:20:00 EET" duration-ms="1122" status="PASS">
          <reporter-output>
          </reporter-output>
        </test-method> <!-- launchApplication -->
        <test-method signature="loginLockedUser(java.lang.String,java.lang.String)[pri:0, instance:tests.ErrorValidationTest@5e7cd6cc]" started-at="2025-02-24T17:20:00 EET" name="loginLockedUser" finished-at="2025-02-24T17:20:00 EET" duration-ms="203" status="PASS">
          <params>
            <param index="0">
              <value>
                <![CDATA[locked_out_user]]>
              </value>
            </param>
            <param index="1">
              <value>
                <![CDATA[secret_sauce]]>
              </value>
            </param>
          </params>
          <reporter-output>
          </reporter-output>
        </test-method> <!-- loginLockedUser -->
        <test-method is-config="true" signature="tearDown()[pri:0, instance:tests.ErrorValidationTest@5e7cd6cc]" started-at="2025-02-24T17:20:00 EET" name="tearDown" finished-at="2025-02-24T17:20:01 EET" duration-ms="556" status="PASS">
          <reporter-output>
          </reporter-output>
        </test-method> <!-- tearDown -->
        <test-method is-config="true" signature="launchApplication()[pri:0, instance:tests.ErrorValidationTest@5e7cd6cc]" started-at="2025-02-24T17:20:01 EET" name="launchApplication" finished-at="2025-02-24T17:20:02 EET" duration-ms="1039" status="PASS">
          <reporter-output>
          </reporter-output>
        </test-method> <!-- launchApplication -->
        <test-method signature="loginWrongCredentials(java.lang.String,java.lang.String)[pri:0, instance:tests.ErrorValidationTest@5e7cd6cc]" started-at="2025-02-24T17:20:02 EET" name="loginWrongCredentials" finished-at="2025-02-24T17:20:02 EET" duration-ms="190" status="PASS">
          <params>
            <param index="0">
              <value>
                <![CDATA[fooEmail]]>
              </value>
            </param>
            <param index="1">
              <value>
                <![CDATA[fooPass]]>
              </value>
            </param>
          </params>
          <reporter-output>
          </reporter-output>
        </test-method> <!-- loginWrongCredentials -->
        <test-method is-config="true" signature="tearDown()[pri:0, instance:tests.ErrorValidationTest@5e7cd6cc]" started-at="2025-02-24T17:20:02 EET" name="tearDown" finished-at="2025-02-24T17:20:03 EET" duration-ms="606" status="PASS">
          <reporter-output>
          </reporter-output>
        </test-method> <!-- tearDown -->
        <test-method is-config="true" signature="launchApplication()[pri:0, instance:tests.ErrorValidationTest@5e7cd6cc]" started-at="2025-02-24T17:20:03 EET" name="launchApplication" finished-at="2025-02-24T17:20:04 EET" duration-ms="1061" status="PASS">
          <reporter-output>
          </reporter-output>
        </test-method> <!-- launchApplication -->
        <test-method signature="takeScreenShotOfFailedTest()[pri:0, instance:tests.ErrorValidationTest@5e7cd6cc]" started-at="2025-02-24T17:20:04 EET" name="takeScreenShotOfFailedTest" finished-at="2025-02-24T17:20:04 EET" duration-ms="3" status="FAIL">
          <exception class="java.lang.AssertionError">
            <message>
              <![CDATA[Intentionally failing this test to showcase screenshot feature.]]>
            </message>
            <full-stacktrace>
              <![CDATA[java.lang.AssertionError: Intentionally failing this test to showcase screenshot feature.
at org.testng.Assert.fail(Assert.java:111)
at tests.ErrorValidationTest.takeScreenShotOfFailedTest(ErrorValidationTest.java:64)
at java.base/jdk.internal.reflect.DirectMethodHandleAccessor.invoke(DirectMethodHandleAccessor.java:103)
at java.base/java.lang.reflect.Method.invoke(Method.java:580)
at org.testng.internal.invokers.MethodInvocationHelper.invokeMethod(MethodInvocationHelper.java:141)
at org.testng.internal.invokers.TestInvoker.invokeMethod(TestInvoker.java:686)
at org.testng.internal.invokers.TestInvoker.invokeTestMethod(TestInvoker.java:230)
at org.testng.internal.invokers.MethodRunner.runInSequence(MethodRunner.java:63)
at org.testng.internal.invokers.TestInvoker$MethodInvocationAgent.invoke(TestInvoker.java:992)
at org.testng.internal.invokers.TestInvoker.invokeTestMethods(TestInvoker.java:203)
at org.testng.internal.invokers.TestMethodWorker.invokeTestMethods(TestMethodWorker.java:154)
at org.testng.internal.invokers.TestMethodWorker.run(TestMethodWorker.java:134)
at java.base/java.util.ArrayList.forEach(ArrayList.java:1596)
at org.testng.TestRunner.privateRun(TestRunner.java:739)
at org.testng.TestRunner.run(TestRunner.java:614)
at org.testng.SuiteRunner.runTest(SuiteRunner.java:421)
at org.testng.SuiteRunner$SuiteWorker.run(SuiteRunner.java:463)
at org.testng.internal.thread.ThreadUtil.lambda$execute$0(ThreadUtil.java:64)
at java.base/java.util.concurrent.FutureTask.run(FutureTask.java:317)
at java.base/java.util.concurrent.ThreadPoolExecutor.runWorker(ThreadPoolExecutor.java:1144)
at java.base/java.util.concurrent.ThreadPoolExecutor$Worker.run(ThreadPoolExecutor.java:642)
at java.base/java.lang.Thread.run(Thread.java:1583)
]]>
            </full-stacktrace>
          </exception> <!-- java.lang.AssertionError -->
          <reporter-output>
          </reporter-output>
        </test-method> <!-- takeScreenShotOfFailedTest -->
        <test-method is-config="true" signature="tearDown()[pri:0, instance:tests.ErrorValidationTest@5e7cd6cc]" started-at="2025-02-24T17:20:04 EET" name="tearDown" finished-at="2025-02-24T17:20:04 EET" duration-ms="605" status="PASS">
          <reporter-output>
          </reporter-output>
        </test-method> <!-- tearDown -->
      </class> <!-- tests.ErrorValidationTest -->
    </test> <!-- WrongCredentialsErrorValidation -->
  </suite> <!-- ErrorValidationSuite -->
  <suite started-at="2025-02-24T17:20:22 EET" name="MasterSuite" finished-at="2025-02-24T17:20:22 EET" duration-ms="0">
    <groups>
    </groups>
  </suite> <!-- MasterSuite -->
</testng-results>
