<?xml version="1.0" encoding="UTF-8"?>
<testsuite xmlns:xsi="http://www.w3.org/2001/XMLSchema-instance" xsi:noNamespaceSchemaLocation="https://maven.apache.org/surefire/maven-surefire-plugin/xsd/surefire-test-report.xsd" version="3.0.1" name="TestSuite" time="30.336" tests="12" errors="0" skipped="0" failures="1">
  <properties>
[...]
</properties>
  <testcase name="fillWrongCheckoutPageInfo[{lName=, fName=, pass=secret_sauce, email=standard_user, postalCode=}](1)" classname="tests.ErrorValidationTest" time="0.547">
    <system-out><![CDATA[...
... TestNG 7.10.2 by Cédric Beust (cedric@beust.com)
...

]]></system-out>
    <system-err><![CDATA[SLF4J: Failed to load class "org.slf4j.impl.StaticLoggerBinder".
SLF4J: Defaulting to no-operation (NOP) logger implementation
SLF4J: See http://www.slf4j.org/codes.html#StaticLoggerBinder for further details.
feb. 19, 2025 3:43:30 P.M. org.openqa.selenium.devtools.CdpVersionFinder findNearestMatch
WARNING: Unable to find an exact match for CDP version 133, returning the closest version; found: 132; Please update to a Selenium version that supports CDP version 133
]]></system-err>
  </testcase>
  <testcase name="fillWrongCheckoutPageInfo[{lName=, fName=firstName, pass=secret_sauce, email=standard_user, postalCode=}](2)" classname="tests.ErrorValidationTest" time="0.533">
    <system-err><![CDATA[feb. 19, 2025 3:43:32 P.M. org.openqa.selenium.devtools.CdpVersionFinder findNearestMatch
WARNING: Unable to find an exact match for CDP version 133, returning the closest version; found: 132; Please update to a Selenium version that supports CDP version 133
]]></system-err>
  </testcase>
  <testcase name="fillWrongCheckoutPageInfo[{lName=lastName, fName=firstName, pass=secret_sauce, email=standard_user, postalCode=}](3)" classname="tests.ErrorValidationTest" time="0.546">
    <system-err><![CDATA[feb. 19, 2025 3:43:34 P.M. org.openqa.selenium.devtools.CdpVersionFinder findNearestMatch
WARNING: Unable to find an exact match for CDP version 133, returning the closest version; found: 132; Please update to a Selenium version that supports CDP version 133
]]></system-err>
  </testcase>
  <testcase name="loginLockedUser[locked_out_user, secret_sauce](1)" classname="tests.ErrorValidationTest" time="0.214">
    <system-err><![CDATA[feb. 19, 2025 3:43:36 P.M. org.openqa.selenium.devtools.CdpVersionFinder findNearestMatch
WARNING: Unable to find an exact match for CDP version 133, returning the closest version; found: 132; Please update to a Selenium version that supports CDP version 133
]]></system-err>
  </testcase>
  <testcase name="loginWrongCredentials[fooEmail, fooPass](1)" classname="tests.ErrorValidationTest" time="0.197">
    <system-err><![CDATA[feb. 19, 2025 3:43:38 P.M. org.openqa.selenium.devtools.CdpVersionFinder findNearestMatch
WARNING: Unable to find an exact match for CDP version 133, returning the closest version; found: 132; Please update to a Selenium version that supports CDP version 133
]]></system-err>
  </testcase>
  <testcase name="takeScreenShotOfFailedTest" classname="tests.ErrorValidationTest" time="0.134">
    <failure message="Intentionally failing this test to showcase screenshot feature." type="java.lang.AssertionError"><![CDATA[java.lang.AssertionError: Intentionally failing this test to showcase screenshot feature.
	at org.testng.Assert.fail(Assert.java:111)
	at tests.ErrorValidationTest.takeScreenShotOfFailedTest(ErrorValidationTest.java:64)
	at java.base/jdk.internal.reflect.DirectMethodHandleAccessor.invoke(DirectMethodHandleAccessor.java:103)
	at java.base/java.lang.reflect.Method.invoke(Method.java:580)
	at org.testng.internal.invokers.MethodInvocationHelper.invokeMethod(MethodInvocationHelper.java:141)
	at org.testng.internal.invokers.TestInvoker.invokeMethod(TestInvoker.java:686)
	at org.testng.internal.invokers.TestInvoker.invokeTestMethod(TestInvoker.java:230)
	at org.testng.internal.invokers.MethodRunner.runInSequence(MethodRunner.java:63)
	at org.testng.internal.invokers.TestInvoker$MethodInvocationAgent.invoke(TestInvoker.java:992)
	at org.testng.internal.invokers.TestInvoker.invokeTestMethods(TestInvoker.java:203)
	at org.testng.internal.invokers.TestMethodWorker.invokeTestMethods(TestMethodWorker.java:154)
	at org.testng.internal.invokers.TestMethodWorker.run(TestMethodWorker.java:134)
	at java.base/java.util.ArrayList.forEach(ArrayList.java:1596)
	at org.testng.TestRunner.privateRun(TestRunner.java:739)
	at org.testng.TestRunner.run(TestRunner.java:614)
	at org.testng.SuiteRunner.runTest(SuiteRunner.java:421)
	at org.testng.SuiteRunner$SuiteWorker.run(SuiteRunner.java:463)
	at org.testng.internal.thread.ThreadUtil.lambda$execute$0(ThreadUtil.java:64)
	at java.base/java.util.concurrent.FutureTask.run(FutureTask.java:317)
	at java.base/java.util.concurrent.ThreadPoolExecutor.runWorker(ThreadPoolExecutor.java:1144)
	at java.base/java.util.concurrent.ThreadPoolExecutor$Worker.run(ThreadPoolExecutor.java:642)
	at java.base/java.lang.Thread.run(Thread.java:1583)
]]></failure>
    <system-err><![CDATA[feb. 19, 2025 3:43:40 P.M. org.openqa.selenium.devtools.CdpVersionFinder findNearestMatch
WARNING: Unable to find an exact match for CDP version 133, returning the closest version; found: 132; Please update to a Selenium version that supports CDP version 133
]]></system-err>
  </testcase>
  <testcase name="submitMultipleOrders[{lName=lastName, product=Sauce Labs Bolt T-Shirt, fName=firstName, pass=secret_sauce, email=standard_user, postalCode=192837465}](1)" classname="tests.SubmitOrderTest" time="1.321">
    <system-out><![CDATA[Product Sauce Labs Bolt T-Shirt is already in cart
]]></system-out>
    <system-err><![CDATA[feb. 19, 2025 3:43:42 P.M. org.openqa.selenium.devtools.CdpVersionFinder findNearestMatch
WARNING: Unable to find an exact match for CDP version 133, returning the closest version; found: 132; Please update to a Selenium version that supports CDP version 133
]]></system-err>
  </testcase>
  <testcase name="submitMultipleOrders[{lName=lastName, product=Sauce Labs Fleece Jacket, fName=firstName, pass=secret_sauce, email=standard_user, postalCode=192837465}](2)" classname="tests.SubmitOrderTest" time="1.323">
    <system-out><![CDATA[Product Sauce Labs Bolt T-Shirt is already in cart
]]></system-out>
    <system-err><![CDATA[feb. 19, 2025 3:43:45 P.M. org.openqa.selenium.devtools.CdpVersionFinder findNearestMatch
WARNING: Unable to find an exact match for CDP version 133, returning the closest version; found: 132; Please update to a Selenium version that supports CDP version 133
]]></system-err>
  </testcase>
  <testcase name="submitMultipleOrders[{lName=lastName, product=Sauce Labs Bike Light, fName=firstName, pass=secret_sauce, email=standard_user, postalCode=192837465}](3)" classname="tests.SubmitOrderTest" time="1.287">
    <system-out><![CDATA[Product Sauce Labs Bolt T-Shirt is already in cart
]]></system-out>
    <system-err><![CDATA[feb. 19, 2025 3:43:48 P.M. org.openqa.selenium.devtools.CdpVersionFinder findNearestMatch
WARNING: Unable to find an exact match for CDP version 133, returning the closest version; found: 132; Please update to a Selenium version that supports CDP version 133
]]></system-err>
  </testcase>
  <testcase name="submitOrder[{lName=lastName, product=Sauce Labs Bolt T-Shirt, fName=firstName, pass=secret_sauce, email=standard_user, postalCode=192837465}](1)" classname="tests.SubmitOrderTest" time="0.784">
    <system-err><![CDATA[feb. 19, 2025 3:43:51 P.M. org.openqa.selenium.devtools.CdpVersionFinder findNearestMatch
WARNING: Unable to find an exact match for CDP version 133, returning the closest version; found: 132; Please update to a Selenium version that supports CDP version 133
]]></system-err>
  </testcase>
  <testcase name="submitOrder[{lName=lastName, product=Sauce Labs Fleece Jacket, fName=firstName, pass=secret_sauce, email=standard_user, postalCode=192837465}](2)" classname="tests.SubmitOrderTest" time="0.793">
    <system-err><![CDATA[feb. 19, 2025 3:43:54 P.M. org.openqa.selenium.devtools.CdpVersionFinder findNearestMatch
WARNING: Unable to find an exact match for CDP version 133, returning the closest version; found: 132; Please update to a Selenium version that supports CDP version 133
]]></system-err>
  </testcase>
  <testcase name="submitOrder[{lName=lastName, product=Sauce Labs Bike Light, fName=firstName, pass=secret_sauce, email=standard_user, postalCode=192837465}](3)" classname="tests.SubmitOrderTest" time="0.754">
    <system-err><![CDATA[feb. 19, 2025 3:43:56 P.M. org.openqa.selenium.devtools.CdpVersionFinder findNearestMatch
WARNING: Unable to find an exact match for CDP version 133, returning the closest version; found: 132; Please update to a Selenium version that supports CDP version 133
]]></system-err>
  </testcase>
</testsuite>