<?xml version="1.0" encoding="UTF-8"?>
<testng-results ignored="0" total="12" passed="11" failed="1" skipped="0">
  <reporter-output>
  </reporter-output>
  <suite started-at="2025-02-19T15:15:49 EET" name="Suite" finished-at="2025-02-19T15:16:06 EET" duration-ms="16256">
    <groups>
      <group name="Purchase">
        <method signature="SubmitOrderTest.submitMultipleOrders(java.util.HashMap)[pri:0, instance:tests.SubmitOrderTest@6ea2bc93]" name="submitMultipleOrders" class="tests.SubmitOrderTest"/>
        <method signature="SubmitOrderTest.submitOrder(java.util.HashMap)[pri:0, instance:tests.SubmitOrderTest@6ea2bc93]" name="submitOrder" class="tests.SubmitOrderTest"/>
      </group> <!-- Purchase -->
    </groups>
    <test started-at="2025-02-19T15:15:49 EET" name="Test" finished-at="2025-02-19T15:16:06 EET" duration-ms="16256">
      <class name="tests.SubmitOrderTest">
        <test-method is-config="true" signature="launchApplication()[pri:0, instance:tests.SubmitOrderTest@6ea2bc93]" started-at="2025-02-19T15:15:49 EET" name="launchApplication" finished-at="2025-02-19T15:15:50 EET" duration-ms="1100" status="PASS">
          <reporter-output>
          </reporter-output>
        </test-method> <!-- launchApplication -->
        <test-method signature="submitMultipleOrders(java.util.HashMap)[pri:0, instance:tests.SubmitOrderTest@6ea2bc93]" started-at="2025-02-19T15:15:50 EET" name="submitMultipleOrders" data-provider="getData" finished-at="2025-02-19T15:15:52 EET" duration-ms="1253" status="PASS">
          <params>
            <param index="0">
              <value>
                <![CDATA[{lName=lastName, product=Sauce Labs Bolt T-Shirt, fName=firstName, pass=secret_sauce, email=standard_user, postalCode=192837465}]]>
              </value>
            </param>
          </params>
          <reporter-output>
          </reporter-output>
        </test-method> <!-- submitMultipleOrders -->
        <test-method is-config="true" signature="tearDown()[pri:0, instance:tests.SubmitOrderTest@6ea2bc93]" started-at="2025-02-19T15:15:52 EET" name="tearDown" finished-at="2025-02-19T15:15:52 EET" duration-ms="594" status="PASS">
          <reporter-output>
          </reporter-output>
        </test-method> <!-- tearDown -->
        <test-method is-config="true" signature="launchApplication()[pri:0, instance:tests.SubmitOrderTest@6ea2bc93]" started-at="2025-02-19T15:15:52 EET" name="launchApplication" finished-at="2025-02-19T15:15:53 EET" duration-ms="1099" status="PASS">
          <reporter-output>
          </reporter-output>
        </test-method> <!-- launchApplication -->
        <test-method signature="submitMultipleOrders(java.util.HashMap)[pri:0, instance:tests.SubmitOrderTest@6ea2bc93]" started-at="2025-02-19T15:15:53 EET" name="submitMultipleOrders" data-provider="getData" finished-at="2025-02-19T15:15:55 EET" duration-ms="1292" status="PASS">
          <params>
            <param index="0">
              <value>
                <![CDATA[{lName=lastName, product=Sauce Labs Fleece Jacket, fName=firstName, pass=secret_sauce, email=standard_user, postalCode=192837465}]]>
              </value>
            </param>
          </params>
          <reporter-output>
          </reporter-output>
        </test-method> <!-- submitMultipleOrders -->
        <test-method is-config="true" signature="tearDown()[pri:0, instance:tests.SubmitOrderTest@6ea2bc93]" started-at="2025-02-19T15:15:55 EET" name="tearDown" finished-at="2025-02-19T15:15:55 EET" duration-ms="602" status="PASS">
          <reporter-output>
          </reporter-output>
        </test-method> <!-- tearDown -->
        <test-method is-config="true" signature="launchApplication()[pri:0, instance:tests.SubmitOrderTest@6ea2bc93]" started-at="2025-02-19T15:15:55 EET" name="launchApplication" finished-at="2025-02-19T15:15:56 EET" duration-ms="1147" status="PASS">
          <reporter-output>
          </reporter-output>
        </test-method> <!-- launchApplication -->
        <test-method signature="submitMultipleOrders(java.util.HashMap)[pri:0, instance:tests.SubmitOrderTest@6ea2bc93]" started-at="2025-02-19T15:15:56 EET" name="submitMultipleOrders" data-provider="getData" finished-at="2025-02-19T15:15:58 EET" duration-ms="1234" status="PASS">
          <params>
            <param index="0">
              <value>
                <![CDATA[{lName=lastName, product=Sauce Labs Bike Light, fName=firstName, pass=secret_sauce, email=standard_user, postalCode=192837465}]]>
              </value>
            </param>
          </params>
          <reporter-output>
          </reporter-output>
        </test-method> <!-- submitMultipleOrders -->
        <test-method is-config="true" signature="tearDown()[pri:0, instance:tests.SubmitOrderTest@6ea2bc93]" started-at="2025-02-19T15:15:58 EET" name="tearDown" finished-at="2025-02-19T15:15:58 EET" duration-ms="589" status="PASS">
          <reporter-output>
          </reporter-output>
        </test-method> <!-- tearDown -->
        <test-method is-config="true" signature="launchApplication()[pri:0, instance:tests.SubmitOrderTest@6ea2bc93]" started-at="2025-02-19T15:15:58 EET" name="launchApplication" finished-at="2025-02-19T15:15:59 EET" duration-ms="1132" status="PASS">
          <reporter-output>
          </reporter-output>
        </test-method> <!-- launchApplication -->
        <test-method signature="submitOrder(java.util.HashMap)[pri:0, instance:tests.SubmitOrderTest@6ea2bc93]" started-at="2025-02-19T15:15:59 EET" name="submitOrder" data-provider="getData" finished-at="2025-02-19T15:16:00 EET" duration-ms="766" status="PASS">
          <params>
            <param index="0">
              <value>
                <![CDATA[{lName=lastName, product=Sauce Labs Bolt T-Shirt, fName=firstName, pass=secret_sauce, email=standard_user, postalCode=192837465}]]>
              </value>
            </param>
          </params>
          <reporter-output>
          </reporter-output>
        </test-method> <!-- submitOrder -->
        <test-method is-config="true" signature="tearDown()[pri:0, instance:tests.SubmitOrderTest@6ea2bc93]" started-at="2025-02-19T15:16:00 EET" name="tearDown" finished-at="2025-02-19T15:16:01 EET" duration-ms="597" status="PASS">
          <reporter-output>
          </reporter-output>
        </test-method> <!-- tearDown -->
        <test-method is-config="true" signature="launchApplication()[pri:0, instance:tests.SubmitOrderTest@6ea2bc93]" started-at="2025-02-19T15:16:01 EET" name="launchApplication" finished-at="2025-02-19T15:16:02 EET" duration-ms="1083" status="PASS">
          <reporter-output>
          </reporter-output>
        </test-method> <!-- launchApplication -->
        <test-method signature="submitOrder(java.util.HashMap)[pri:0, instance:tests.SubmitOrderTest@6ea2bc93]" started-at="2025-02-19T15:16:02 EET" name="submitOrder" data-provider="getData" finished-at="2025-02-19T15:16:03 EET" duration-ms="770" status="PASS">
          <params>
            <param index="0">
              <value>
                <![CDATA[{lName=lastName, product=Sauce Labs Fleece Jacket, fName=firstName, pass=secret_sauce, email=standard_user, postalCode=192837465}]]>
              </value>
            </param>
          </params>
          <reporter-output>
          </reporter-output>
        </test-method> <!-- submitOrder -->
        <test-method is-config="true" signature="tearDown()[pri:0, instance:tests.SubmitOrderTest@6ea2bc93]" started-at="2025-02-19T15:16:03 EET" name="tearDown" finished-at="2025-02-19T15:16:03 EET" duration-ms="596" status="PASS">
          <reporter-output>
          </reporter-output>
        </test-method> <!-- tearDown -->
        <test-method is-config="true" signature="launchApplication()[pri:0, instance:tests.SubmitOrderTest@6ea2bc93]" started-at="2025-02-19T15:16:03 EET" name="launchApplication" finished-at="2025-02-19T15:16:04 EET" duration-ms="1047" status="PASS">
          <reporter-output>
          </reporter-output>
        </test-method> <!-- launchApplication -->
        <test-method signature="submitOrder(java.util.HashMap)[pri:0, instance:tests.SubmitOrderTest@6ea2bc93]" started-at="2025-02-19T15:16:04 EET" name="submitOrder" data-provider="getData" finished-at="2025-02-19T15:16:05 EET" duration-ms="755" status="PASS">
          <params>
            <param index="0">
              <value>
                <![CDATA[{lName=lastName, product=Sauce Labs Bike Light, fName=firstName, pass=secret_sauce, email=standard_user, postalCode=192837465}]]>
              </value>
            </param>
          </params>
          <reporter-output>
          </reporter-output>
        </test-method> <!-- submitOrder -->
        <test-method is-config="true" signature="tearDown()[pri:0, instance:tests.SubmitOrderTest@6ea2bc93]" started-at="2025-02-19T15:16:05 EET" name="tearDown" finished-at="2025-02-19T15:16:06 EET" duration-ms="588" status="PASS">
          <reporter-output>
          </reporter-output>
        </test-method> <!-- tearDown -->
      </class> <!-- tests.SubmitOrderTest -->
    </test> <!-- Test -->
  </suite> <!-- Suite -->
  <suite started-at="2025-02-19T15:15:36 EET" name="ErrorValidationSuite" finished-at="2025-02-19T15:15:49 EET" duration-ms="12923">
    <groups>
      <group name="ErrorHandling">
        <method signature="ErrorValidationTest.fillWrongCheckoutPageInfo(java.util.HashMap)[pri:0, instance:tests.ErrorValidationTest@54e041a4]" name="fillWrongCheckoutPageInfo" class="tests.ErrorValidationTest"/>
        <method signature="ErrorValidationTest.loginLockedUser(java.lang.String,java.lang.String)[pri:0, instance:tests.ErrorValidationTest@54e041a4]" name="loginLockedUser" class="tests.ErrorValidationTest"/>
        <method signature="ErrorValidationTest.loginWrongCredentials(java.lang.String,java.lang.String)[pri:0, instance:tests.ErrorValidationTest@54e041a4]" name="loginWrongCredentials" class="tests.ErrorValidationTest"/>
        <method signature="ErrorValidationTest.takeScreenShotOfFailedTest()[pri:0, instance:tests.ErrorValidationTest@54e041a4]" name="takeScreenShotOfFailedTest" class="tests.ErrorValidationTest"/>
      </group> <!-- ErrorHandling -->
    </groups>
    <test started-at="2025-02-19T15:15:36 EET" name="WrongCredentialsErrorValidation" finished-at="2025-02-19T15:15:49 EET" duration-ms="12923">
      <class name="tests.ErrorValidationTest">
        <test-method is-config="true" signature="launchApplication()[pri:0, instance:tests.ErrorValidationTest@54e041a4]" started-at="2025-02-19T15:15:36 EET" name="launchApplication" finished-at="2025-02-19T15:15:38 EET" duration-ms="1602" status="PASS">
          <reporter-output>
          </reporter-output>
        </test-method> <!-- launchApplication -->
        <test-method signature="fillWrongCheckoutPageInfo(java.util.HashMap)[pri:0, instance:tests.ErrorValidationTest@54e041a4]" started-at="2025-02-19T15:15:38 EET" name="fillWrongCheckoutPageInfo" data-provider="getData" finished-at="2025-02-19T15:15:38 EET" duration-ms="531" status="PASS">
          <params>
            <param index="0">
              <value>
                <![CDATA[{lName=, fName=, pass=secret_sauce, email=standard_user, postalCode=}]]>
              </value>
            </param>
          </params>
          <reporter-output>
          </reporter-output>
        </test-method> <!-- fillWrongCheckoutPageInfo -->
        <test-method is-config="true" signature="tearDown()[pri:0, instance:tests.ErrorValidationTest@54e041a4]" started-at="2025-02-19T15:15:38 EET" name="tearDown" finished-at="2025-02-19T15:15:39 EET" duration-ms="586" status="PASS">
          <reporter-output>
          </reporter-output>
        </test-method> <!-- tearDown -->
        <test-method is-config="true" signature="launchApplication()[pri:0, instance:tests.ErrorValidationTest@54e041a4]" started-at="2025-02-19T15:15:39 EET" name="launchApplication" finished-at="2025-02-19T15:15:40 EET" duration-ms="1132" status="PASS">
          <reporter-output>
          </reporter-output>
        </test-method> <!-- launchApplication -->
        <test-method signature="fillWrongCheckoutPageInfo(java.util.HashMap)[pri:0, instance:tests.ErrorValidationTest@54e041a4]" started-at="2025-02-19T15:15:40 EET" name="fillWrongCheckoutPageInfo" data-provider="getData" finished-at="2025-02-19T15:15:41 EET" duration-ms="521" status="PASS">
          <params>
            <param index="0">
              <value>
                <![CDATA[{lName=, fName=firstName, pass=secret_sauce, email=standard_user, postalCode=}]]>
              </value>
            </param>
          </params>
          <reporter-output>
          </reporter-output>
        </test-method> <!-- fillWrongCheckoutPageInfo -->
        <test-method is-config="true" signature="tearDown()[pri:0, instance:tests.ErrorValidationTest@54e041a4]" started-at="2025-02-19T15:15:41 EET" name="tearDown" finished-at="2025-02-19T15:15:41 EET" duration-ms="595" status="PASS">
          <reporter-output>
          </reporter-output>
        </test-method> <!-- tearDown -->
        <test-method is-config="true" signature="launchApplication()[pri:0, instance:tests.ErrorValidationTest@54e041a4]" started-at="2025-02-19T15:15:41 EET" name="launchApplication" finished-at="2025-02-19T15:15:42 EET" duration-ms="1108" status="PASS">
          <reporter-output>
          </reporter-output>
        </test-method> <!-- launchApplication -->
        <test-method signature="fillWrongCheckoutPageInfo(java.util.HashMap)[pri:0, instance:tests.ErrorValidationTest@54e041a4]" started-at="2025-02-19T15:15:42 EET" name="fillWrongCheckoutPageInfo" data-provider="getData" finished-at="2025-02-19T15:15:43 EET" duration-ms="531" status="PASS">
          <params>
            <param index="0">
              <value>
                <![CDATA[{lName=lastName, fName=firstName, pass=secret_sauce, email=standard_user, postalCode=}]]>
              </value>
            </param>
          </params>
          <reporter-output>
          </reporter-output>
        </test-method> <!-- fillWrongCheckoutPageInfo -->
        <test-method is-config="true" signature="tearDown()[pri:0, instance:tests.ErrorValidationTest@54e041a4]" started-at="2025-02-19T15:15:43 EET" name="tearDown" finished-at="2025-02-19T15:15:43 EET" duration-ms="608" status="PASS">
          <reporter-output>
          </reporter-output>
        </test-method> <!-- tearDown -->
        <test-method is-config="true" signature="launchApplication()[pri:0, instance:tests.ErrorValidationTest@54e041a4]" started-at="2025-02-19T15:15:43 EET" name="launchApplication" finished-at="2025-02-19T15:15:45 EET" duration-ms="1067" status="PASS">
          <reporter-output>
          </reporter-output>
        </test-method> <!-- launchApplication -->
        <test-method signature="loginLockedUser(java.lang.String,java.lang.String)[pri:0, instance:tests.ErrorValidationTest@54e041a4]" started-at="2025-02-19T15:15:45 EET" name="loginLockedUser" finished-at="2025-02-19T15:15:45 EET" duration-ms="205" status="PASS">
          <params>
            <param index="0">
              <value>
                <![CDATA[locked_out_user]]>
              </value>
            </param>
            <param index="1">
              <value>
                <![CDATA[secret_sauce]]>
              </value>
            </param>
          </params>
          <reporter-output>
          </reporter-output>
        </test-method> <!-- loginLockedUser -->
        <test-method is-config="true" signature="tearDown()[pri:0, instance:tests.ErrorValidationTest@54e041a4]" started-at="2025-02-19T15:15:45 EET" name="tearDown" finished-at="2025-02-19T15:15:45 EET" duration-ms="589" status="PASS">
          <reporter-output>
          </reporter-output>
        </test-method> <!-- tearDown -->
        <test-method is-config="true" signature="launchApplication()[pri:0, instance:tests.ErrorValidationTest@54e041a4]" started-at="2025-02-19T15:15:45 EET" name="launchApplication" finished-at="2025-02-19T15:15:46 EET" duration-ms="1049" status="PASS">
          <reporter-output>
          </reporter-output>
        </test-method> <!-- launchApplication -->
        <test-method signature="loginWrongCredentials(java.lang.String,java.lang.String)[pri:0, instance:tests.ErrorValidationTest@54e041a4]" started-at="2025-02-19T15:15:46 EET" name="loginWrongCredentials" finished-at="2025-02-19T15:15:47 EET" duration-ms="198" status="PASS">
          <params>
            <param index="0">
              <value>
                <![CDATA[fooEmail]]>
              </value>
            </param>
            <param index="1">
              <value>
                <![CDATA[fooPass]]>
              </value>
            </param>
          </params>
          <reporter-output>
          </reporter-output>
        </test-method> <!-- loginWrongCredentials -->
        <test-method is-config="true" signature="tearDown()[pri:0, instance:tests.ErrorValidationTest@54e041a4]" started-at="2025-02-19T15:15:47 EET" name="tearDown" finished-at="2025-02-19T15:15:47 EET" duration-ms="595" status="PASS">
          <reporter-output>
          </reporter-output>
        </test-method> <!-- tearDown -->
        <test-method is-config="true" signature="launchApplication()[pri:0, instance:tests.ErrorValidationTest@54e041a4]" started-at="2025-02-19T15:15:47 EET" name="launchApplication" finished-at="2025-02-19T15:15:48 EET" duration-ms="1121" status="PASS">
          <reporter-output>
          </reporter-output>
        </test-method> <!-- launchApplication -->
        <test-method signature="takeScreenShotOfFailedTest()[pri:0, instance:tests.ErrorValidationTest@54e041a4]" started-at="2025-02-19T15:15:48 EET" name="takeScreenShotOfFailedTest" finished-at="2025-02-19T15:15:48 EET" duration-ms="1" status="FAIL">
          <exception class="java.lang.AssertionError">
            <message>
              <![CDATA[Intentionally failing this test to showcase screenshot feature.]]>
            </message>
            <full-stacktrace>
              <![CDATA[java.lang.AssertionError: Intentionally failing this test to showcase screenshot feature.
at org.testng.Assert.fail(Assert.java:111)
at tests.ErrorValidationTest.takeScreenShotOfFailedTest(ErrorValidationTest.java:64)
at java.base/jdk.internal.reflect.DirectMethodHandleAccessor.invoke(DirectMethodHandleAccessor.java:103)
at java.base/java.lang.reflect.Method.invoke(Method.java:580)
at org.testng.internal.invokers.MethodInvocationHelper.invokeMethod(MethodInvocationHelper.java:141)
at org.testng.internal.invokers.TestInvoker.invokeMethod(TestInvoker.java:686)
at org.testng.internal.invokers.TestInvoker.invokeTestMethod(TestInvoker.java:230)
at org.testng.internal.invokers.MethodRunner.runInSequence(MethodRunner.java:63)
at org.testng.internal.invokers.TestInvoker$MethodInvocationAgent.invoke(TestInvoker.java:992)
at org.testng.internal.invokers.TestInvoker.invokeTestMethods(TestInvoker.java:203)
at org.testng.internal.invokers.TestMethodWorker.invokeTestMethods(TestMethodWorker.java:154)
at org.testng.internal.invokers.TestMethodWorker.run(TestMethodWorker.java:134)
at java.base/java.util.ArrayList.forEach(ArrayList.java:1596)
at org.testng.TestRunner.privateRun(TestRunner.java:739)
at org.testng.TestRunner.run(TestRunner.java:614)
at org.testng.SuiteRunner.runTest(SuiteRunner.java:421)
at org.testng.SuiteRunner$SuiteWorker.run(SuiteRunner.java:463)
at org.testng.internal.thread.ThreadUtil.lambda$execute$0(ThreadUtil.java:64)
at java.base/java.util.concurrent.FutureTask.run(FutureTask.java:317)
at java.base/java.util.concurrent.ThreadPoolExecutor.runWorker(ThreadPoolExecutor.java:1144)
at java.base/java.util.concurrent.ThreadPoolExecutor$Worker.run(ThreadPoolExecutor.java:642)
at java.base/java.lang.Thread.run(Thread.java:1583)
]]>
            </full-stacktrace>
          </exception> <!-- java.lang.AssertionError -->
          <reporter-output>
          </reporter-output>
        </test-method> <!-- takeScreenShotOfFailedTest -->
        <test-method is-config="true" signature="tearDown()[pri:0, instance:tests.ErrorValidationTest@54e041a4]" started-at="2025-02-19T15:15:48 EET" name="tearDown" finished-at="2025-02-19T15:15:49 EET" duration-ms="596" status="PASS">
          <reporter-output>
          </reporter-output>
        </test-method> <!-- tearDown -->
      </class> <!-- tests.ErrorValidationTest -->
    </test> <!-- WrongCredentialsErrorValidation -->
  </suite> <!-- ErrorValidationSuite -->
  <suite started-at="2025-02-19T15:16:06 EET" name="MasterSuite" finished-at="2025-02-19T15:16:06 EET" duration-ms="0">
    <groups>
    </groups>
  </suite> <!-- MasterSuite -->
</testng-results>
